<?xml version="1.0" encoding="UTF-8"?>
<!-- Generated by org.testng.reporters.JUnitReportReporter -->
<testsuite skipped="0" hostname="8aa66ed6d657" name="com.searchModule.tests.SearchTest" tests="2" failures="0" timestamp="2019-11-04T22:03:28 GMT" time="7.340" errors="0">
  <testcase name="search" time="4.370" classname="com.searchModule.tests.SearchTest"/>
  <testcase name="search" time="2.970" classname="com.searchModule.tests.SearchTest"/>
</testsuite> <!-- com.searchModule.tests.SearchTest -->
