<?xml version="1.0" encoding="UTF-8"?>
<!-- Generated by org.testng.reporters.JUnitReportReporter -->
<testsuite skipped="0" hostname="5c5fa07a8a98" name="com.newtours.tests.BookFlightTest" tests="20" failures="0" timestamp="2019-11-04T22:03:51 GMT" time="29.442" errors="0">
  <testcase name="flightDetailsPage" time="0.683" classname="com.newtours.tests.BookFlightTest"/>
  <testcase name="registrationPage" time="2.475" classname="com.newtours.tests.BookFlightTest"/>
  <testcase name="findFlightPage" time="1.581" classname="com.newtours.tests.BookFlightTest"/>
  <testcase name="registrationPage" time="2.304" classname="com.newtours.tests.BookFlightTest"/>
  <testcase name="registrationPage" time="2.345" classname="com.newtours.tests.BookFlightTest"/>
  <testcase name="flightDetailsPage" time="0.690" classname="com.newtours.tests.BookFlightTest"/>
  <testcase name="findFlightPage" time="1.598" classname="com.newtours.tests.BookFlightTest"/>
  <testcase name="flightConfirmationPage" time="1.122" classname="com.newtours.tests.BookFlightTest"/>
  <testcase name="registrationConfirmationPage" time="0.631" classname="com.newtours.tests.BookFlightTest"/>
  <testcase name="flightConfirmationPage" time="0.880" classname="com.newtours.tests.BookFlightTest"/>
  <testcase name="flightConfirmationPage" time="0.905" classname="com.newtours.tests.BookFlightTest"/>
  <testcase name="registrationConfirmationPage" time="0.643" classname="com.newtours.tests.BookFlightTest"/>
  <testcase name="flightDetailsPage" time="0.710" classname="com.newtours.tests.BookFlightTest"/>
  <testcase name="findFlightPage" time="5.701" classname="com.newtours.tests.BookFlightTest"/>
  <testcase name="findFlightPage" time="1.568" classname="com.newtours.tests.BookFlightTest"/>
  <testcase name="registrationPage" time="2.668" classname="com.newtours.tests.BookFlightTest"/>
  <testcase name="registrationConfirmationPage" time="0.742" classname="com.newtours.tests.BookFlightTest"/>
  <testcase name="flightConfirmationPage" time="0.890" classname="com.newtours.tests.BookFlightTest"/>
  <testcase name="flightDetailsPage" time="0.682" classname="com.newtours.tests.BookFlightTest"/>
  <testcase name="registrationConfirmationPage" time="0.624" classname="com.newtours.tests.BookFlightTest"/>
</testsuite> <!-- com.newtours.tests.BookFlightTest -->
